<?xml version="1.0" encoding="UTF-8"?>
<testsuite name="com.qa.trello.tests.TeamCreationTests" tests="1" skipped="0" failures="1" errors="0" timestamp="2020-04-24T23:14:58" hostname="DESKTOP-NPA4CH3" time="56.44">
  <properties/>
  <testcase name="testTeamCreation" classname="com.qa.trello.tests.TeamCreationTests" time="56.44">
    <failure message="java.lang.AssertionError: expected [6] but found [-1]" type="java.lang.AssertionError">java.lang.AssertionError: expected [6] but found [-1]
	at org.testng.Assert.fail(Assert.java:97)
	at org.testng.Assert.assertEqualsImpl(Assert.java:136)
	at org.testng.Assert.assertEquals(Assert.java:118)
	at org.testng.Assert.assertEquals(Assert.java:839)
	at org.testng.Assert.assertEquals(Assert.java:849)
	at com.qa.trello.tests.TeamCreationTests.testTeamCreation(TeamCreationTests.java:22)
	at sun.reflect.NativeMethodAccessorImpl.invoke0(Native Method)
	at sun.reflect.NativeMethodAccessorImpl.invoke(NativeMethodAccessorImpl.java:62)
	at sun.reflect.DelegatingMethodAccessorImpl.invoke(DelegatingMethodAccessorImpl.java:43)
	at java.lang.reflect.Method.invoke(Method.java:498)
	at org.testng.internal.MethodInvocationHelper.invokeMethod(MethodInvocationHelper.java:134)
	at org.testng.internal.TestInvoker.invokeMethod(TestInvoker.java:597)
	at org.testng.internal.TestInvoker.invokeTestMethod(TestInvoker.java:173)
	at org.testng.internal.MethodRunner.runInSequence(MethodRunner.java:46)
	at org.testng.internal.TestInvoker$MethodInvocationAgent.invoke(TestInvoker.java:816)
	at org.testng.internal.TestInvoker.invokeTestMethods(TestInvoker.java:146)
	at org.testng.internal.TestMethodWorker.invokeTestMethods(TestMethodWorker.java:146)
	at org.testng.internal.TestMethodWorker.run(TestMethodWorker.java:128)
	at java.util.ArrayList.forEach(ArrayList.java:1257)
	at org.testng.TestRunner.privateRun(TestRunner.java:766)
	at org.testng.TestRunner.run(TestRunner.java:587)
	at org.testng.SuiteRunner.runTest(SuiteRunner.java:384)
	at org.testng.SuiteRunner.runSequentially(SuiteRunner.java:378)
	at org.testng.SuiteRunner.privateRun(SuiteRunner.java:337)
	at org.testng.SuiteRunner.run(SuiteRunner.java:286)
	at org.testng.SuiteRunnerWorker.runSuite(SuiteRunnerWorker.java:53)
	at org.testng.SuiteRunnerWorker.run(SuiteRunnerWorker.java:96)
	at org.testng.TestNG.runSuitesSequentially(TestNG.java:1187)
	at org.testng.TestNG.runSuitesLocally(TestNG.java:1109)
	at org.testng.TestNG.runSuites(TestNG.java:1039)
	at org.testng.TestNG.run(TestNG.java:1007)
	at org.gradle.api.internal.tasks.testing.testng.TestNGTestClassProcessor.runTests(TestNGTestClassProcessor.java:141)
	at org.gradle.api.internal.tasks.testing.testng.TestNGTestClassProcessor.stop(TestNGTestClassProcessor.java:90)
	at org.gradle.api.internal.tasks.testing.SuiteTestClassProcessor.stop(SuiteTestClassProcessor.java:61)
	at sun.reflect.NativeMethodAccessorImpl.invoke0(Native Method)
	at sun.reflect.NativeMethodAccessorImpl.invoke(NativeMethodAccessorImpl.java:62)
	at sun.reflect.DelegatingMethodAccessorImpl.invoke(DelegatingMethodAccessorImpl.java:43)
	at java.lang.reflect.Method.invoke(Method.java:498)
	at org.gradle.internal.dispatch.ReflectionDispatch.dispatch(ReflectionDispatch.java:35)
	at org.gradle.internal.dispatch.ReflectionDispatch.dispatch(ReflectionDispatch.java:24)
	at org.gradle.internal.dispatch.ContextClassLoaderDispatch.dispatch(ContextClassLoaderDispatch.java:32)
	at org.gradle.internal.dispatch.ProxyDispatchAdapter$DispatchingInvocationHandler.invoke(ProxyDispatchAdapter.java:93)
	at com.sun.proxy.$Proxy2.stop(Unknown Source)
	at org.gradle.api.internal.tasks.testing.worker.TestWorker.stop(TestWorker.java:132)
	at sun.reflect.NativeMethodAccessorImpl.invoke0(Native Method)
	at sun.reflect.NativeMethodAccessorImpl.invoke(NativeMethodAccessorImpl.java:62)
	at sun.reflect.DelegatingMethodAccessorImpl.invoke(DelegatingMethodAccessorImpl.java:43)
	at java.lang.reflect.Method.invoke(Method.java:498)
	at org.gradle.internal.dispatch.ReflectionDispatch.dispatch(ReflectionDispatch.java:35)
	at org.gradle.internal.dispatch.ReflectionDispatch.dispatch(ReflectionDispatch.java:24)
	at org.gradle.internal.remote.internal.hub.MessageHubBackedObjectConnection$DispatchWrapper.dispatch(MessageHubBackedObjectConnection.java:175)
	at org.gradle.internal.remote.internal.hub.MessageHubBackedObjectConnection$DispatchWrapper.dispatch(MessageHubBackedObjectConnection.java:157)
	at org.gradle.internal.remote.internal.hub.MessageHub$Handler.run(MessageHub.java:404)
	at org.gradle.internal.concurrent.ExecutorPolicy$CatchAndRecordFailures.onExecute(ExecutorPolicy.java:63)
	at org.gradle.internal.concurrent.ManagedExecutorImpl$1.run(ManagedExecutorImpl.java:46)
	at java.util.concurrent.ThreadPoolExecutor.runWorker(ThreadPoolExecutor.java:1149)
	at java.util.concurrent.ThreadPoolExecutor$Worker.run(ThreadPoolExecutor.java:624)
	at org.gradle.internal.concurrent.ThreadFactoryImpl$ManagedThreadRunnable.run(ThreadFactoryImpl.java:55)
	at java.lang.Thread.run(Thread.java:748)
</failure>
  </testcase>
  <system-out><![CDATA[was: 5 now:-1
]]></system-out>
  <system-err><![CDATA[Starting ChromeDriver 81.0.4044.69 (6813546031a4bc83f717a2ef7cd4ac6ec1199132-refs/branch-heads/4044@{#776}) on port 22694
Only local connections are allowed.
Please protect ports used by ChromeDriver and related test frameworks to prevent access by malicious code.
апр 25, 2020 2:14:38 AM org.openqa.selenium.remote.ProtocolHandshake createSession
INFO: Detected dialect: W3C
[1587770081.404][SEVERE]: Timed out receiving message from renderer: 0.100
[1587770081.513][SEVERE]: Timed out receiving message from renderer: 0.100
[1587770081.618][SEVERE]: Timed out receiving message from renderer: 0.100
[1587770081.719][SEVERE]: Timed out receiving message from renderer: 0.100
[1587770081.822][SEVERE]: Timed out receiving message from renderer: 0.100
[1587770082.684][SEVERE]: Timed out receiving message from renderer: 0.100
[1587770083.140][SEVERE]: Timed out receiving message from renderer: 0.100
[1587770083.543][SEVERE]: Timed out receiving message from renderer: 0.100
[1587770083.997][SEVERE]: Timed out receiving message from renderer: 0.100
[1587770084.280][SEVERE]: Timed out receiving message from renderer: 0.100
[1587770084.394][SEVERE]: Timed out receiving message from renderer: 0.100
[1587770084.503][SEVERE]: Timed out receiving message from renderer: 0.100
[1587770084.607][SEVERE]: Timed out receiving message from renderer: 0.100
[1587770084.719][SEVERE]: Timed out receiving message from renderer: 0.100
[1587770084.823][SEVERE]: Timed out receiving message from renderer: 0.100
[1587770084.925][SEVERE]: Timed out receiving message from renderer: 0.100
[1587770085.027][SEVERE]: Timed out receiving message from renderer: 0.100
[1587770085.225][SEVERE]: Timed out receiving message from renderer: 0.100
[1587770085.330][SEVERE]: Timed out receiving message from renderer: 0.100
[1587770085.647][SEVERE]: Timed out receiving message from renderer: 0.100
[1587770085.750][SEVERE]: Timed out receiving message from renderer: 0.100
[1587770085.852][SEVERE]: Timed out receiving message from renderer: 0.100
[1587770085.964][SEVERE]: Timed out receiving message from renderer: 0.100
[1587770094.474][SEVERE]: Timed out receiving message from renderer: 0.100
[1587770094.582][SEVERE]: Timed out receiving message from renderer: 0.100
[1587770094.689][SEVERE]: Timed out receiving message from renderer: 0.100
[1587770094.794][SEVERE]: Timed out receiving message from renderer: 0.100
[1587770094.898][SEVERE]: Timed out receiving message from renderer: 0.100
[1587770095.001][SEVERE]: Timed out receiving message from renderer: 0.100
[1587770095.104][SEVERE]: Timed out receiving message from renderer: 0.100
[1587770095.206][SEVERE]: Timed out receiving message from renderer: 0.100
[1587770095.309][SEVERE]: Timed out receiving message from renderer: 0.100
[1587770095.413][SEVERE]: Timed out receiving message from renderer: 0.100
[1587770095.544][SEVERE]: Timed out receiving message from renderer: 0.100
[1587770095.975][SEVERE]: Timed out receiving message from renderer: 0.100
[1587770096.078][SEVERE]: Timed out receiving message from renderer: 0.100
[1587770096.179][SEVERE]: Timed out receiving message from renderer: 0.100
[1587770096.291][SEVERE]: Timed out receiving message from renderer: 0.100
[1587770097.051][SEVERE]: Timed out receiving message from renderer: 0.100
[1587770097.334][SEVERE]: Timed out receiving message from renderer: 0.100
[1587770097.440][SEVERE]: Timed out receiving message from renderer: 0.100
[1587770097.544][SEVERE]: Timed out receiving message from renderer: 0.100
[1587770097.661][SEVERE]: Timed out receiving message from renderer: 0.100
[1587770119.154][SEVERE]: Timed out receiving message from renderer: 0.100
]]></system-err>
</testsuite>
